This is pdfTeX, Version 3.1415926-2.5-1.40.14 (TeX Live 2013/Debian) (format=pdflatex 2015.1.11)  4 APR 2015 20:37
entering extended mode
 restricted \write18 enabled.
 %&-line parsing enabled.
**main.tex
(./main.tex
LaTeX2e <2011/06/27>
Babel <3.9h> and hyphenation patterns for 2 languages loaded.
(/usr/share/texlive/texmf-dist/tex/latex/base/report.cls
Document Class: report 2007/10/19 v1.4h Standard LaTeX document class
(/usr/share/texlive/texmf-dist/tex/latex/base/size11.clo
File: size11.clo 2007/10/19 v1.4h Standard LaTeX file (size option)
)
\c@part=\count79
\c@chapter=\count80
\c@section=\count81
\c@subsection=\count82
\c@subsubsection=\count83
\c@paragraph=\count84
\c@subparagraph=\count85
\c@figure=\count86
\c@table=\count87
\abovecaptionskip=\skip41
\belowcaptionskip=\skip42
\bibindent=\dimen102
)
(/usr/share/texlive/texmf-dist/tex/latex/geometry/geometry.sty
Package: geometry 2010/09/12 v5.6 Page Geometry

(/usr/share/texlive/texmf-dist/tex/latex/graphics/keyval.sty
Package: keyval 1999/03/16 v1.13 key=value parser (DPC)
\KV@toks@=\toks14
)
(/usr/share/texlive/texmf-dist/tex/generic/oberdiek/ifpdf.sty
Package: ifpdf 2011/01/30 v2.3 Provides the ifpdf switch (HO)
Package ifpdf Info: pdfTeX in PDF mode is detected.
)
(/usr/share/texlive/texmf-dist/tex/generic/oberdiek/ifvtex.sty
Package: ifvtex 2010/03/01 v1.5 Detect VTeX and its facilities (HO)
Package ifvtex Info: VTeX not detected.
)
(/usr/share/texlive/texmf-dist/tex/generic/ifxetex/ifxetex.sty
Package: ifxetex 2010/09/12 v0.6 Provides ifxetex conditional
)
\Gm@cnth=\count88
\Gm@cntv=\count89
\c@Gm@tempcnt=\count90
\Gm@bindingoffset=\dimen103
\Gm@wd@mp=\dimen104
\Gm@odd@mp=\dimen105
\Gm@even@mp=\dimen106
\Gm@layoutwidth=\dimen107
\Gm@layoutheight=\dimen108
\Gm@layouthoffset=\dimen109
\Gm@layoutvoffset=\dimen110
\Gm@dimlist=\toks15
)
(/usr/share/texlive/texmf-dist/tex/latex/url/url.sty
\Urlmuskip=\muskip10
Package: url 2013/09/16  ver 3.4  Verb mode for urls, etc.
)
(/usr/share/texlive/texmf-dist/tex/latex/graphics/graphicx.sty
Package: graphicx 1999/02/16 v1.0f Enhanced LaTeX Graphics (DPC,SPQR)

(/usr/share/texlive/texmf-dist/tex/latex/graphics/graphics.sty
Package: graphics 2009/02/05 v1.0o Standard LaTeX Graphics (DPC,SPQR)

(/usr/share/texlive/texmf-dist/tex/latex/graphics/trig.sty
Package: trig 1999/03/16 v1.09 sin cos tan (DPC)
)
(/usr/share/texlive/texmf-dist/tex/latex/latexconfig/graphics.cfg
File: graphics.cfg 2010/04/23 v1.9 graphics configuration of TeX Live
)
Package graphics Info: Driver file: pdftex.def on input line 91.

(/usr/share/texlive/texmf-dist/tex/latex/pdftex-def/pdftex.def
File: pdftex.def 2011/05/27 v0.06d Graphics/color for pdfTeX

(/usr/share/texlive/texmf-dist/tex/generic/oberdiek/infwarerr.sty
Package: infwarerr 2010/04/08 v1.3 Providing info/warning/error messages (HO)
)
(/usr/share/texlive/texmf-dist/tex/generic/oberdiek/ltxcmds.sty
Package: ltxcmds 2011/11/09 v1.22 LaTeX kernel commands for general use (HO)
)
\Gread@gobject=\count91
))
\Gin@req@height=\dimen111
\Gin@req@width=\dimen112
)
(/home/labcomputer/texmf/tex/latex/local/sectsty.sty
Package: sectsty 2002/02/25 v2.0.2 Commands to change all sectional heading sty
les
)
(/home/labcomputer/texmf/tex/latex/local/changepage.sty
Package: changepage 2009/10/20 v1.0c check page and change page layout
\c@cp@cntr=\count92
\cp@tempcnt=\count93
)
(/home/labcomputer/texmf/tex/latex/local/xcolor.sty
Package: xcolor 2007/01/21 v2.11 LaTeX color extensions (UK)

(/usr/share/texlive/texmf-dist/tex/latex/latexconfig/color.cfg
File: color.cfg 2007/01/18 v1.5 color configuration of teTeX/TeXLive
)
Package xcolor Info: Driver file: pdftex.def on input line 225.
Package xcolor Info: Model `cmy' substituted by `cmy0' on input line 1337.
Package xcolor Info: Model `hsb' substituted by `rgb' on input line 1341.
Package xcolor Info: Model `RGB' extended on input line 1353.
Package xcolor Info: Model `HTML' substituted by `rgb' on input line 1355.
Package xcolor Info: Model `Hsb' substituted by `hsb' on input line 1356.
Package xcolor Info: Model `tHsb' substituted by `hsb' on input line 1357.
Package xcolor Info: Model `HSB' substituted by `hsb' on input line 1358.
Package xcolor Info: Model `Gray' substituted by `gray' on input line 1359.
Package xcolor Info: Model `wave' substituted by `hsb' on input line 1360.
)
(/home/labcomputer/texmf/tex/latex/local/multicol.sty
Package: multicol 2014/06/19 v1.8f multicolumn formatting (FMi)
\c@tracingmulticols=\count94
\mult@box=\box26
\multicol@leftmargin=\dimen113
\c@unbalance=\count95
\c@collectmore=\count96
\doublecol@number=\count97
\multicoltolerance=\count98
\multicolpretolerance=\count99
\full@width=\dimen114
\page@free=\dimen115
\premulticols=\dimen116
\postmulticols=\dimen117
\multicolsep=\skip43
\multicolbaselineskip=\skip44
\partial@page=\box27
\last@line=\box28
\maxbalancingoverflow=\dimen118
\mult@rightbox=\box29
\mult@grightbox=\box30
\mult@gfirstbox=\box31
\mult@firstbox=\box32
\@tempa=\box33
\@tempa=\box34
\@tempa=\box35
\@tempa=\box36
\@tempa=\box37
\@tempa=\box38
\@tempa=\box39
\@tempa=\box40
\@tempa=\box41
\@tempa=\box42
\@tempa=\box43
\@tempa=\box44
\@tempa=\box45
\@tempa=\box46
\@tempa=\box47
\@tempa=\box48
\@tempa=\box49
\c@columnbadness=\count100
\c@finalcolumnbadness=\count101
\last@try=\dimen119
\multicolovershoot=\dimen120
\multicolundershoot=\dimen121
\mult@nat@firstbox=\box50
\colbreak@box=\box51
\mc@col@check@num=\count102
)
(/home/labcomputer/texmf/tex/latex/local/wrapfig/wrapfig.sty
\wrapoverhang=\dimen122
\WF@size=\dimen123
\c@WF@wrappedlines=\count103
\WF@box=\box52
\WF@everypar=\toks16
Package: wrapfig 2003/01/31  v 3.6
)
(/home/labcomputer/texmf/tex/latex/local/listings.sty
\lst@mode=\count104
\lst@gtempboxa=\box53
\lst@token=\toks17
\lst@length=\count105
\lst@currlwidth=\dimen124
\lst@column=\count106
\lst@pos=\count107
\lst@lostspace=\dimen125
\lst@width=\dimen126
\lst@newlines=\count108
\lst@lineno=\count109
\lst@maxwidth=\dimen127

(/home/labcomputer/texmf/tex/latex/local/lstmisc.sty
File: lstmisc.sty 2014/03/04 1.5c (Carsten Heinz)
\c@lstnumber=\count110
\lst@skipnumbers=\count111
\lst@framebox=\box54
)
(/usr/share/texlive/texmf-dist/tex/latex/listings/listings.cfg
File: listings.cfg 2013/08/26 1.5b listings configuration
))
Package: listings 2014/03/04 1.5c (Carsten Heinz)

(/home/labcomputer/texmf/tex/latex/local/amsmath.sty
Package: amsmath 2013/01/14 v2.14 AMS math features
\@mathmargin=\skip45

For additional information on amsmath, use the `?' option.
(/home/labcomputer/texmf/tex/latex/local/amstext.sty
Package: amstext 2000/06/29 v2.01

(/home/labcomputer/texmf/tex/latex/local/amsgen.sty
File: amsgen.sty 1999/11/30 v2.0
\@emptytoks=\toks18
\ex@=\dimen128
))
(/home/labcomputer/texmf/tex/latex/local/amsbsy.sty
Package: amsbsy 1999/11/29 v1.2d
\pmbraise@=\dimen129
)
(/home/labcomputer/texmf/tex/latex/local/amsopn.sty
Package: amsopn 1999/12/14 v2.01 operator names
)
\inf@bad=\count112
LaTeX Info: Redefining \frac on input line 210.
\uproot@=\count113
\leftroot@=\count114
LaTeX Info: Redefining \overline on input line 306.
\classnum@=\count115
\DOTSCASE@=\count116
LaTeX Info: Redefining \ldots on input line 378.
LaTeX Info: Redefining \dots on input line 381.
LaTeX Info: Redefining \cdots on input line 466.
\Mathstrutbox@=\box55
\strutbox@=\box56
\big@size=\dimen130
LaTeX Font Info:    Redeclaring font encoding OML on input line 566.
LaTeX Font Info:    Redeclaring font encoding OMS on input line 567.
\macc@depth=\count117
\c@MaxMatrixCols=\count118
\dotsspace@=\muskip11
\c@parentequation=\count119
\dspbrk@lvl=\count120
\tag@help=\toks19
\row@=\count121
\column@=\count122
\maxfields@=\count123
\andhelp@=\toks20
\eqnshift@=\dimen131
\alignsep@=\dimen132
\tagshift@=\dimen133
\tagwidth@=\dimen134
\totwidth@=\dimen135
\lineht@=\dimen136
\@envbody=\toks21
\multlinegap=\skip46
\multlinetaggap=\skip47
\mathdisplay@stack=\toks22
LaTeX Info: Redefining \[ on input line 2665.
LaTeX Info: Redefining \] on input line 2666.
)
(/usr/share/texlive/texmf-dist/tex/latex/caption/subcaption.sty
Package: subcaption 2013/02/03 v1.1-62 Sub-captions (AR)

(/usr/share/texlive/texmf-dist/tex/latex/caption/caption.sty
Package: caption 2013/05/02 v3.3-89 Customizing captions (AR)

(/usr/share/texlive/texmf-dist/tex/latex/caption/caption3.sty
Package: caption3 2013/05/02 v1.6-88 caption3 kernel (AR)
Package caption3 Info: TeX engine: e-TeX on input line 57.
\captionmargin=\dimen137
\captionmargin@=\dimen138
\captionwidth=\dimen139
\caption@tempdima=\dimen140
\caption@indent=\dimen141
\caption@parindent=\dimen142
\caption@hangindent=\dimen143
)
\c@ContinuedFloat=\count124
Package caption Info: listings package is loaded.
Package caption Info: wrapfig package is loaded.
)
\c@subfigure=\count125
\c@subtable=\count126
)
(/home/labcomputer/texmf/tex/latex/local/lstlang1.sty
File: lstlang1.sty 2014/03/04 1.5c listings language file
)
(/home/labcomputer/texmf/tex/latex/local/lstlang1.sty
File: lstlang1.sty 2014/03/04 1.5c listings language file
)
(/home/labcomputer/texmf/tex/latex/local/lstmisc.sty
File: lstmisc.sty 2014/03/04 1.5c (Carsten Heinz)
) (./main.aux)
Runaway argument?
{\contentsline {figure}{\numberline {3.1}{\ignorespaces An image or J\ETC.
! File ended while scanning use of \@writefile.
<inserted text> 
                \par 
l.42 \begin{document}
                     
? 
\openout1 = `main.aux'.

LaTeX Font Info:    Checking defaults for OML/cmm/m/it on input line 42.
LaTeX Font Info:    ... okay on input line 42.
LaTeX Font Info:    Checking defaults for T1/cmr/m/n on input line 42.
LaTeX Font Info:    ... okay on input line 42.
LaTeX Font Info:    Checking defaults for OT1/cmr/m/n on input line 42.
LaTeX Font Info:    ... okay on input line 42.
LaTeX Font Info:    Checking defaults for OMS/cmsy/m/n on input line 42.
LaTeX Font Info:    ... okay on input line 42.
LaTeX Font Info:    Checking defaults for OMX/cmex/m/n on input line 42.
LaTeX Font Info:    ... okay on input line 42.
LaTeX Font Info:    Checking defaults for U/cmr/m/n on input line 42.
LaTeX Font Info:    ... okay on input line 42.
*geometry* driver: auto-detecting
*geometry* detected driver: pdftex
*geometry* verbose mode - [ preamble ] result:
* driver: pdftex
* paper: <default>
* layout: <same size as paper>
* layoutoffset:(h,v)=(0.0pt,0.0pt)
* modes: 
* h-part:(L,W,R)=(108.405pt, 433.62001pt, 72.26999pt)
* v-part:(T,H,B)=(72.26999pt, 650.43001pt, 72.26999pt)
* \paperwidth=614.295pt
* \paperheight=794.96999pt
* \textwidth=433.62001pt
* \textheight=650.43001pt
* \oddsidemargin=36.13501pt
* \evensidemargin=36.13501pt
* \topmargin=-37.0pt
* \headheight=12.0pt
* \headsep=25.0pt
* \topskip=11.0pt
* \footskip=30.0pt
* \marginparwidth=59.0pt
* \marginparsep=10.0pt
* \columnsep=10.0pt
* \skip\footins=10.0pt plus 4.0pt minus 2.0pt
* \hoffset=0.0pt
* \voffset=0.0pt
* \mag=1000
* \@twocolumnfalse
* \@twosidefalse
* \@mparswitchfalse
* \@reversemarginfalse
* (1in=72.27pt=25.4mm, 1cm=28.453pt)

(/usr/share/texlive/texmf-dist/tex/context/base/supp-pdf.mkii
[Loading MPS to PDF converter (version 2006.09.02).]
\scratchcounter=\count127
\scratchdimen=\dimen144
\scratchbox=\box57
\nofMPsegments=\count128
\nofMParguments=\count129
\everyMPshowfont=\toks23
\MPscratchCnt=\count130
\MPscratchDim=\dimen145
\MPnumerator=\count131
\makeMPintoPDFobject=\count132
\everyMPtoPDFconversion=\toks24
) (/usr/share/texlive/texmf-dist/tex/generic/oberdiek/pdftexcmds.sty
Package: pdftexcmds 2011/11/29 v0.20 Utility functions of pdfTeX for LuaTeX (HO
)

(/usr/share/texlive/texmf-dist/tex/generic/oberdiek/ifluatex.sty
Package: ifluatex 2010/03/01 v1.3 Provides the ifluatex switch (HO)
Package ifluatex Info: LuaTeX not detected.
)
Package pdftexcmds Info: LuaTeX not detected.
Package pdftexcmds Info: \pdf@primitive is available.
Package pdftexcmds Info: \pdf@ifprimitive is available.
Package pdftexcmds Info: \pdfdraftmode found.
)
(/usr/share/texlive/texmf-dist/tex/latex/oberdiek/epstopdf-base.sty
Package: epstopdf-base 2010/02/09 v2.5 Base part for package epstopdf

(/usr/share/texlive/texmf-dist/tex/latex/oberdiek/grfext.sty
Package: grfext 2010/08/19 v1.1 Manage graphics extensions (HO)

(/usr/share/texlive/texmf-dist/tex/generic/oberdiek/kvdefinekeys.sty
Package: kvdefinekeys 2011/04/07 v1.3 Define keys (HO)
))
(/usr/share/texlive/texmf-dist/tex/latex/oberdiek/kvoptions.sty
Package: kvoptions 2011/06/30 v3.11 Key value format for package options (HO)

(/usr/share/texlive/texmf-dist/tex/generic/oberdiek/kvsetkeys.sty
Package: kvsetkeys 2012/04/25 v1.16 Key value parser (HO)

(/usr/share/texlive/texmf-dist/tex/generic/oberdiek/etexcmds.sty
Package: etexcmds 2011/02/16 v1.5 Avoid name clashes with e-TeX commands (HO)
Package etexcmds Info: Could not find \expanded.
(etexcmds)             That can mean that you are not using pdfTeX 1.50 or
(etexcmds)             that some package has redefined \expanded.
(etexcmds)             In the latter case, load this package earlier.
)))
Package grfext Info: Graphics extension search list:
(grfext)             [.png,.pdf,.jpg,.mps,.jpeg,.jbig2,.jb2,.PNG,.PDF,.JPG,.JPE
G,.JBIG2,.JB2,.eps]
(grfext)             \AppendGraphicsExtensions on input line 452.

(/usr/share/texlive/texmf-dist/tex/latex/latexconfig/epstopdf-sys.cfg
File: epstopdf-sys.cfg 2010/07/13 v1.3 Configuration of (r)epstopdf for TeX Liv
e
))
\c@lstlisting=\count133
Package caption Info: Begin \AtBeginDocument code.
Package caption Info: End \AtBeginDocument code.

(./title.tex [1

{/var/lib/texmf/fonts/map/pdftex/updmap/pdftex.map}])
(./copyright.tex) (./abstract.tex [1] [1]) (./dedicatoria.tex)
(./acknowledgments.tex [1]) (./vita.tex [2]) [3] (./main.toc)
\tf@toc=\write3
\openout3 = `main.toc'.

 [1


] (./main.lof)
\tf@lof=\write4
\openout4 = `main.lof'.


(./why.tex [2

]
Chapter 1.

LaTeX Warning: Citation `Shape Formation' on page 3 undefined on input line 2.

<../diagrams/output.png, id=35, 1565.85pt x 626.34pt>
File: ../diagrams/output.png Graphic file (type png)

<use ../diagrams/output.png>
Package pdftex.def Info: ../diagrams/output.png used on input line 5.
(pdftex.def)             Requested size: 433.62001pt x 173.44345pt.
 [3

 <../diagrams/output.png>]
<../diagrams/okuda1.png, id=39, 724.7075pt x 291.0875pt>
File: ../diagrams/okuda1.png Graphic file (type png)

<use ../diagrams/okuda1.png>
Package pdftex.def Info: ../diagrams/okuda1.png used on input line 20.
(pdftex.def)             Requested size: 173.44534pt x 69.66255pt.


LaTeX Warning: Citation `Okuda1' on page 4 undefined on input line 21.


LaTeX Warning: Citation `Okuda1' on page 4 undefined on input line 21.

<../diagrams/perfect.png, id=40, 449.68pt x 289.08pt>
File: ../diagrams/perfect.png Graphic file (type png)

<use ../diagrams/perfect.png>
Package pdftex.def Info: ../diagrams/perfect.png used on input line 27.
(pdftex.def)             Requested size: 173.44534pt x 111.50125pt.


LaTeX Warning: Citation `Yoshi' on page 4 undefined on input line 28.


LaTeX Warning: Citation `Yoshi' on page 4 undefined on input line 28.

<../diagrams/HondaResult.png, id=41, 383.4325pt x 307.1475pt>
File: ../diagrams/HondaResult.png Graphic file (type png)

<use ../diagrams/HondaResult.png>
Package pdftex.def Info: ../diagrams/HondaResult.png used on input line 34.
(pdftex.def)             Requested size: 173.44534pt x 138.93684pt.


LaTeX Warning: Citation `HondaNagai' on page 4 undefined on input line 35.


LaTeX Warning: Citation `HondaNagai' on page 4 undefined on input line 35.

<../diagrams/mirim.png, id=42, 170.6375pt x 149.55875pt>
File: ../diagrams/mirim.png Graphic file (type png)

<use ../diagrams/mirim.png>
Package pdftex.def Info: ../diagrams/mirim.png used on input line 41.
(pdftex.def)             Requested size: 173.44534pt x 152.02986pt.


LaTeX Warning: Citation `Vertex Models' on page 4 undefined on input line 42.


LaTeX Warning: Citation `Vertex Models' on page 4 undefined on input line 42.


LaTeX Warning: Citation `Wound Healing' on page 4 undefined on input line 50.


LaTeX Warning: Citation `HondaNagai' on page 4 undefined on input line 50.

) (./overview.tex [4 <../diagrams/okuda1.png> <../diagrams/perfect.png> <../dia
grams/HondaResult.png> <../diagrams/mirim.png>] [5]
Chapter 2.

LaTeX Warning: Citation `Vertex Models' on page 6 undefined on input line 12.


LaTeX Font Warning: Font shape `OT1/cmss/m/it' in size <12> not available
(Font)              Font shape `OT1/cmss/m/sl' tried instead on input line 17.

[6

]

LaTeX Warning: Citation `1989 Kawasaki' on page 7 undefined on input line 32.

<../diagrams/resize_giant.jpg, id=57, 501.875pt x 376.40625pt>
File: ../diagrams/resize_giant.jpg Graphic file (type jpg)

<use ../diagrams/resize_giant.jpg>
Package pdftex.def Info: ../diagrams/resize_giant.jpg used on input line 36.
(pdftex.def)             Requested size: 216.81pt x 162.60966pt.
 [7 <../diagrams/resize_giant.jpg>]
<../diagrams/pe.jpg, id=67, 272.01625pt x 219.82124pt>
File: ../diagrams/pe.jpg Graphic file (type jpg)

<use ../diagrams/pe.jpg>
Package pdftex.def Info: ../diagrams/pe.jpg used on input line 51.
(pdftex.def)             Requested size: 272.01558pt x 219.8207pt.

Underfull \hbox (badness 10000) in paragraph at lines 58--59

 []

[8 <../diagrams/pe.jpg>]

LaTeX Warning: Citation `ChasteMain' on page 9 undefined on input line 73.


LaTeX Warning: Citation `Chaste Main' on page 9 undefined on input line 80.


LaTeX Warning: Citation `Julicher Cheats' on page 9 undefined on input line 121
.

[9] <../diagrams/t1.png, id=76, 462.72874pt x 713.66624pt>
File: ../diagrams/t1.png Graphic file (type png)

<use ../diagrams/t1.png>
Package pdftex.def Info: ../diagrams/t1.png used on input line 130.
(pdftex.def)             Requested size: 421.74751pt x 650.46092pt.


LaTeX Warning: Float too large for page by 23.6309pt on input line 133.


Package caption Warning: \label without proper \caption on input line 131.
See the caption package documentation for explanation.


LaTeX Warning: Reference `fig:t1' on page 10 undefined on input line 134.


LaTeX Warning: Citation `Order' on page 10 undefined on input line 136.


LaTeX Warning: Citation `Orientation' on page 10 undefined on input line 136.


LaTeX Warning: Citation `Epithelial Topology' on page 10 undefined on input lin
e 136.

<../diagrams/T2swap.png, id=78, 598.235pt x 395.4775pt>
File: ../diagrams/T2swap.png Graphic file (type png)

<use ../diagrams/T2swap.png>
Package pdftex.def Info: ../diagrams/T2swap.png used on input line 140.
(pdftex.def)             Requested size: 216.81pt x 143.32524pt.


LaTeX Warning: Citation `HondaNagai' on page 10 undefined on input line 147.


LaTeX Warning: Citation `ChasteMain' on page 10 undefined on input line 147.

[10] [11 <../diagrams/t1.png>]

LaTeX Warning: Citation `Overview' on page 12 undefined on input line 149.


LaTeX Warning: Citation `Epithelial Topology' on page 12 undefined on input lin
e 149.


LaTeX Warning: Citation `Soap' on page 12 undefined on input line 149.


LaTeX Warning: Citation `HondaNagai' on page 12 undefined on input line 151.

<../diagrams/distibutionHonda.png, id=86, 424.58624pt x 523.9575pt>
File: ../diagrams/distibutionHonda.png Graphic file (type png)

<use ../diagrams/distibutionHonda.png>
Package pdftex.def Info: ../diagrams/distibutionHonda.png used on input line 15
4.
(pdftex.def)             Requested size: 216.81pt x 267.55057pt.


LaTeX Warning: Citation `HondaNagai' on page 12 undefined on input line 155.


LaTeX Warning: Citation `HondaNagai' on page 12 undefined on input line 155.

) (./furtherRemarks.tex [12 <../diagrams/T2swap.png>] [13 <../diagrams/distibut
ionHonda.png>]
Chapter 3.

LaTeX Warning: Citation `Soap' on page 14 undefined on input line 4.

[14

]

LaTeX Warning: Citation `rose' on page 15 undefined on input line 40.

<../diagrams/checkers.jpg, id=97, 659.46375pt x 517.935pt>
File: ../diagrams/checkers.jpg Graphic file (type jpg)

<use ../diagrams/checkers.jpg>
Package pdftex.def Info: ../diagrams/checkers.jpg used on input line 44.
(pdftex.def)             Requested size: 216.81pt x 170.27892pt.


LaTeX Warning: Citation `Checkers' on page 15 undefined on input line 45.


LaTeX Warning: Citation `Checkers' on page 15 undefined on input line 45.


LaTeX Warning: Citation `Morphogen' on page 15 undefined on input line 50.


LaTeX Warning: Citation `MechanicalFeedback' on page 15 undefined on input line
 50.

[15]

LaTeX Warning: Citation `Vertex Models' on page 16 undefined on input line 53.

) (./Epithelium.tex [16] [1